2025-08-18 17:06:36,501 - INFO - Logging configured and storage_orm.py imported.
2025-08-18 17:07:50,717 - INFO - Logging configured and storage_orm.py imported.
2025-08-18 17:16:17,274 - INFO - Generated SQL statement: SELECT logs.id, logs.ts, logs.student_id, logs.experiment_name, logs.func_name, logs.args_json, logs.result_json, logs.error 
FROM logs ORDER BY logs.ts ASC
 LIMIT 100 OFFSET 0
2025-08-18 17:21:58,117 - INFO - Generated SQL statement: SELECT logs.id, logs.ts, logs.student_id, logs.experiment_name, logs.func_name, logs.args_json, logs.result_json, logs.error 
FROM logs ORDER BY logs.ts DESC
 LIMIT 100 OFFSET 0
2025-08-18 17:21:58,132 - INFO - Generated SQL statement: SELECT logs.id, logs.ts, logs.student_id, logs.experiment_name, logs.func_name, logs.args_json, logs.result_json, logs.error 
FROM logs ORDER BY logs.ts DESC
 LIMIT 100 OFFSET 0
2025-08-18 17:22:01,762 - INFO - Generated SQL statement: SELECT logs.id, logs.ts, logs.student_id, logs.experiment_name, logs.func_name, logs.args_json, logs.result_json, logs.error 
FROM logs ORDER BY logs.ts ASC
 LIMIT 100 OFFSET 0
2025-08-18 17:34:20,227 - INFO - Generated SQL statement: SELECT logs.id, logs.ts, logs.student_id, logs.experiment_name, logs.func_name, logs.args_json, logs.result_json, logs.error 
FROM logs ORDER BY logs.ts ASC
 LIMIT 100 OFFSET 0
2025-08-18 17:34:59,312 - INFO - Generated SQL statement: SELECT logs.id, logs.ts, logs.student_id, logs.experiment_name, logs.func_name, logs.args_json, logs.result_json, logs.error 
FROM logs ORDER BY logs.ts ASC
 LIMIT 100 OFFSET 0
2025-08-18 17:35:00,073 - INFO - Generated SQL statement: SELECT logs.id, logs.ts, logs.student_id, logs.experiment_name, logs.func_name, logs.args_json, logs.result_json, logs.error 
FROM logs ORDER BY logs.ts ASC
 LIMIT 100 OFFSET 0
2025-08-18 17:35:03,631 - INFO - Generated SQL statement: SELECT logs.id, logs.ts, logs.student_id, logs.experiment_name, logs.func_name, logs.args_json, logs.result_json, logs.error 
FROM logs ORDER BY logs.ts ASC
 LIMIT 100 OFFSET 0
2025-08-18 17:35:22,406 - INFO - Generated SQL statement: SELECT logs.id, logs.ts, logs.student_id, logs.experiment_name, logs.func_name, logs.args_json, logs.result_json, logs.error 
FROM logs ORDER BY logs.ts ASC
 LIMIT 100 OFFSET 0
2025-08-18 17:35:49,835 - INFO - Generated SQL statement: SELECT logs.id, logs.ts, logs.student_id, logs.experiment_name, logs.func_name, logs.args_json, logs.result_json, logs.error 
FROM logs ORDER BY logs.ts ASC
 LIMIT 100 OFFSET 0
